ERROR 2014-01-08 01:54:00,194 base 29141 140181774485248 Internal Server Error: /
Traceback (most recent call last):
  File "/home/django/gits/bloxboy/eggs/Django-1.5.4-py2.6.egg/django/core/handlers/base.py", line 92, in get_response
    response = middleware_method(request)
  File "/home/django/gits/bloxboy/eggs/Django-1.5.4-py2.6.egg/django/middleware/locale.py", line 21, in process_request
    check_path = self.is_language_prefix_patterns_used()
  File "/home/django/gits/bloxboy/eggs/Django-1.5.4-py2.6.egg/django/middleware/locale.py", line 56, in is_language_prefix_patterns_used
    for url_pattern in get_resolver(None).url_patterns:
  File "/home/django/gits/bloxboy/eggs/Django-1.5.4-py2.6.egg/django/core/urlresolvers.py", line 347, in url_patterns
    patterns = getattr(self.urlconf_module, "urlpatterns", self.urlconf_module)
  File "/home/django/gits/bloxboy/eggs/Django-1.5.4-py2.6.egg/django/core/urlresolvers.py", line 342, in urlconf_module
    self._urlconf_module = import_module(self.urlconf_name)
  File "/home/django/gits/bloxboy/eggs/Django-1.5.4-py2.6.egg/django/utils/importlib.py", line 35, in import_module
    __import__(name)
  File "/home/django/gits/bloxboy/project/urls.py", line 12, in <module>
    admin.autodiscover()
  File "/home/django/gits/bloxboy/eggs/Django-1.5.4-py2.6.egg/django/contrib/admin/__init__.py", line 29, in autodiscover
    import_module('%s.admin' % app)
  File "/home/django/gits/bloxboy/eggs/Django-1.5.4-py2.6.egg/django/utils/importlib.py", line 35, in import_module
    __import__(name)
  File "/home/django/gits/bloxboy/apps/contact_form/admin.py", line 8, in <module>
    from excel_response import ExcelResponse
ImportError: No module named excel_response
ERROR 2014-01-08 01:54:00,489 base 29141 140181774485248 Internal Server Error: /favicon.ico
Traceback (most recent call last):
  File "/home/django/gits/bloxboy/eggs/Django-1.5.4-py2.6.egg/django/core/handlers/base.py", line 92, in get_response
    response = middleware_method(request)
  File "/home/django/gits/bloxboy/eggs/Django-1.5.4-py2.6.egg/django/middleware/common.py", line 69, in process_request
    if (not urlresolvers.is_valid_path(request.path_info, urlconf) and
  File "/home/django/gits/bloxboy/eggs/Django-1.5.4-py2.6.egg/django/core/urlresolvers.py", line 551, in is_valid_path
    resolve(path, urlconf)
  File "/home/django/gits/bloxboy/eggs/Django-1.5.4-py2.6.egg/django/core/urlresolvers.py", line 440, in resolve
    return get_resolver(urlconf).resolve(path)
  File "/home/django/gits/bloxboy/eggs/Django-1.5.4-py2.6.egg/django/core/urlresolvers.py", line 319, in resolve
    for pattern in self.url_patterns:
  File "/home/django/gits/bloxboy/eggs/Django-1.5.4-py2.6.egg/django/core/urlresolvers.py", line 347, in url_patterns
    patterns = getattr(self.urlconf_module, "urlpatterns", self.urlconf_module)
  File "/home/django/gits/bloxboy/eggs/Django-1.5.4-py2.6.egg/django/core/urlresolvers.py", line 342, in urlconf_module
    self._urlconf_module = import_module(self.urlconf_name)
  File "/home/django/gits/bloxboy/eggs/Django-1.5.4-py2.6.egg/django/utils/importlib.py", line 35, in import_module
    __import__(name)
  File "/home/django/gits/bloxboy/project/urls.py", line 12, in <module>
    admin.autodiscover()
  File "/home/django/gits/bloxboy/eggs/Django-1.5.4-py2.6.egg/django/contrib/admin/__init__.py", line 29, in autodiscover
    import_module('%s.admin' % app)
  File "/home/django/gits/bloxboy/eggs/Django-1.5.4-py2.6.egg/django/utils/importlib.py", line 35, in import_module
    __import__(name)
  File "/home/django/gits/bloxboy/apps/contact_form/admin.py", line 8, in <module>
    from excel_response import ExcelResponse
ImportError: No module named excel_response
ERROR 2014-01-08 01:54:00,494 base 29141 140181766092544 Internal Server Error: /favicon.ico
Traceback (most recent call last):
  File "/home/django/gits/bloxboy/eggs/Django-1.5.4-py2.6.egg/django/core/handlers/base.py", line 92, in get_response
    response = middleware_method(request)
  File "/home/django/gits/bloxboy/eggs/Django-1.5.4-py2.6.egg/django/middleware/common.py", line 69, in process_request
    if (not urlresolvers.is_valid_path(request.path_info, urlconf) and
  File "/home/django/gits/bloxboy/eggs/Django-1.5.4-py2.6.egg/django/core/urlresolvers.py", line 551, in is_valid_path
    resolve(path, urlconf)
  File "/home/django/gits/bloxboy/eggs/Django-1.5.4-py2.6.egg/django/core/urlresolvers.py", line 440, in resolve
    return get_resolver(urlconf).resolve(path)
  File "/home/django/gits/bloxboy/eggs/Django-1.5.4-py2.6.egg/django/core/urlresolvers.py", line 319, in resolve
    for pattern in self.url_patterns:
  File "/home/django/gits/bloxboy/eggs/Django-1.5.4-py2.6.egg/django/core/urlresolvers.py", line 347, in url_patterns
    patterns = getattr(self.urlconf_module, "urlpatterns", self.urlconf_module)
  File "/home/django/gits/bloxboy/eggs/Django-1.5.4-py2.6.egg/django/core/urlresolvers.py", line 342, in urlconf_module
    self._urlconf_module = import_module(self.urlconf_name)
  File "/home/django/gits/bloxboy/eggs/Django-1.5.4-py2.6.egg/django/utils/importlib.py", line 35, in import_module
    __import__(name)
  File "/home/django/gits/bloxboy/project/urls.py", line 12, in <module>
    admin.autodiscover()
  File "/home/django/gits/bloxboy/eggs/Django-1.5.4-py2.6.egg/django/contrib/admin/__init__.py", line 29, in autodiscover
    import_module('%s.admin' % app)
  File "/home/django/gits/bloxboy/eggs/Django-1.5.4-py2.6.egg/django/utils/importlib.py", line 35, in import_module
    __import__(name)
  File "/home/django/gits/bloxboy/apps/contact_form/admin.py", line 8, in <module>
    from excel_response import ExcelResponse
ImportError: No module named excel_response
ERROR 2014-01-08 02:00:25,433 base 29342 140503466256128 Internal Server Error: /news/
Traceback (most recent call last):
  File "/home/django/gits/bloxboy/eggs/Django-1.5.4-py2.6.egg/django/core/handlers/base.py", line 140, in get_response
    response = response.render()
  File "/home/django/gits/bloxboy/eggs/Django-1.5.4-py2.6.egg/django/template/response.py", line 105, in render
    self.content = self.rendered_content
  File "/home/django/gits/bloxboy/eggs/Django-1.5.4-py2.6.egg/django/template/response.py", line 82, in rendered_content
    content = template.render(context)
  File "/home/django/gits/bloxboy/eggs/Django-1.5.4-py2.6.egg/django/template/base.py", line 140, in render
    return self._render(context)
  File "/home/django/gits/bloxboy/eggs/Django-1.5.4-py2.6.egg/django/template/base.py", line 134, in _render
    return self.nodelist.render(context)
  File "/home/django/gits/bloxboy/eggs/Django-1.5.4-py2.6.egg/django/template/base.py", line 830, in render
    bit = self.render_node(node, context)
  File "/home/django/gits/bloxboy/eggs/Django-1.5.4-py2.6.egg/django/template/debug.py", line 74, in render_node
    return node.render(context)
  File "/home/django/gits/bloxboy/eggs/Django-1.5.4-py2.6.egg/django/template/loader_tags.py", line 124, in render
    return compiled_parent._render(context)
  File "/home/django/gits/bloxboy/eggs/Django-1.5.4-py2.6.egg/django/template/base.py", line 134, in _render
    return self.nodelist.render(context)
  File "/home/django/gits/bloxboy/eggs/Django-1.5.4-py2.6.egg/django/template/base.py", line 830, in render
    bit = self.render_node(node, context)
  File "/home/django/gits/bloxboy/eggs/Django-1.5.4-py2.6.egg/django/template/debug.py", line 74, in render_node
    return node.render(context)
  File "/home/django/gits/bloxboy/eggs/Django-1.5.4-py2.6.egg/django/template/loader_tags.py", line 124, in render
    return compiled_parent._render(context)
  File "/home/django/gits/bloxboy/eggs/Django-1.5.4-py2.6.egg/django/template/base.py", line 134, in _render
    return self.nodelist.render(context)
  File "/home/django/gits/bloxboy/eggs/Django-1.5.4-py2.6.egg/django/template/base.py", line 830, in render
    bit = self.render_node(node, context)
  File "/home/django/gits/bloxboy/eggs/Django-1.5.4-py2.6.egg/django/template/debug.py", line 74, in render_node
    return node.render(context)
  File "/home/django/gits/bloxboy/eggs/Django-1.5.4-py2.6.egg/django/template/loader_tags.py", line 124, in render
    return compiled_parent._render(context)
  File "/home/django/gits/bloxboy/eggs/Django-1.5.4-py2.6.egg/django/template/base.py", line 134, in _render
    return self.nodelist.render(context)
  File "/home/django/gits/bloxboy/eggs/Django-1.5.4-py2.6.egg/django/template/base.py", line 830, in render
    bit = self.render_node(node, context)
  File "/home/django/gits/bloxboy/eggs/Django-1.5.4-py2.6.egg/django/template/debug.py", line 74, in render_node
    return node.render(context)
  File "/home/django/gits/bloxboy/eggs/Django-1.5.4-py2.6.egg/django/template/loader_tags.py", line 102, in render
    compiled_parent = self.get_parent(context)
  File "/home/django/gits/bloxboy/eggs/Django-1.5.4-py2.6.egg/django/template/loader_tags.py", line 99, in get_parent
    return get_template(parent)
  File "/home/django/gits/bloxboy/eggs/Django-1.5.4-py2.6.egg/django/template/loader.py", line 146, in get_template
    template, origin = find_template(template_name)
  File "/home/django/gits/bloxboy/eggs/Django-1.5.4-py2.6.egg/django/template/loader.py", line 135, in find_template
    source, display_name = loader(name, dirs)
  File "/home/django/gits/bloxboy/eggs/Django-1.5.4-py2.6.egg/django/template/loader.py", line 43, in __call__
    return self.load_template(template_name, template_dirs)
  File "/home/django/gits/bloxboy/eggs/Django-1.5.4-py2.6.egg/django/template/loader.py", line 49, in load_template
    template = get_template_from_string(source, origin, template_name)
  File "/home/django/gits/bloxboy/eggs/Django-1.5.4-py2.6.egg/django/template/loader.py", line 157, in get_template_from_string
    return Template(source, origin, name)
  File "/home/django/gits/bloxboy/eggs/Django-1.5.4-py2.6.egg/django/template/base.py", line 125, in __init__
    self.nodelist = compile_string(template_string, origin)
  File "/home/django/gits/bloxboy/eggs/Django-1.5.4-py2.6.egg/django/template/base.py", line 153, in compile_string
    return parser.parse()
  File "/home/django/gits/bloxboy/eggs/Django-1.5.4-py2.6.egg/django/template/base.py", line 274, in parse
    compiled_result = compile_func(self, token)
  File "/home/django/gits/bloxboy/eggs/Django-1.5.4-py2.6.egg/django/template/defaulttags.py", line 1046, in load
    (taglib, e))
TemplateSyntaxError: 'googletools' is not a valid tag library: Template library googletools not found, tried django.templatetags.googletools,django.contrib.staticfiles.templatetags.googletools,admin_tools.theming.templatetags.googletools,admin_tools.menu.templatetags.googletools,admin_tools.dashboard.templatetags.googletools,django.contrib.admin.templatetags.googletools,django_assets.templatetags.googletools,filebrowser.templatetags.googletools,cms.templatetags.googletools,mptt.templatetags.googletools,menus.templatetags.googletools,sekizai.templatetags.googletools,snippet.templatetags.googletools,djangocodemirror.templatetags.googletools,emencia.django.countries.templatetags.googletools,crispy_forms.templatetags.googletools,debug_toolbar.templatetags.googletools,django.contrib.comments.templatetags.googletools,tagging.templatetags.googletools,zinnia.templatetags.googletools
ERROR 2014-01-08 02:00:52,868 base 29342 140503466256128 Internal Server Error: /news/
Traceback (most recent call last):
  File "/home/django/gits/bloxboy/eggs/Django-1.5.4-py2.6.egg/django/core/handlers/base.py", line 140, in get_response
    response = response.render()
  File "/home/django/gits/bloxboy/eggs/Django-1.5.4-py2.6.egg/django/template/response.py", line 105, in render
    self.content = self.rendered_content
  File "/home/django/gits/bloxboy/eggs/Django-1.5.4-py2.6.egg/django/template/response.py", line 82, in rendered_content
    content = template.render(context)
  File "/home/django/gits/bloxboy/eggs/Django-1.5.4-py2.6.egg/django/template/base.py", line 140, in render
    return self._render(context)
  File "/home/django/gits/bloxboy/eggs/Django-1.5.4-py2.6.egg/django/template/base.py", line 134, in _render
    return self.nodelist.render(context)
  File "/home/django/gits/bloxboy/eggs/Django-1.5.4-py2.6.egg/django/template/base.py", line 830, in render
    bit = self.render_node(node, context)
  File "/home/django/gits/bloxboy/eggs/Django-1.5.4-py2.6.egg/django/template/debug.py", line 74, in render_node
    return node.render(context)
  File "/home/django/gits/bloxboy/eggs/Django-1.5.4-py2.6.egg/django/template/loader_tags.py", line 124, in render
    return compiled_parent._render(context)
  File "/home/django/gits/bloxboy/eggs/Django-1.5.4-py2.6.egg/django/template/base.py", line 134, in _render
    return self.nodelist.render(context)
  File "/home/django/gits/bloxboy/eggs/Django-1.5.4-py2.6.egg/django/template/base.py", line 830, in render
    bit = self.render_node(node, context)
  File "/home/django/gits/bloxboy/eggs/Django-1.5.4-py2.6.egg/django/template/debug.py", line 74, in render_node
    return node.render(context)
  File "/home/django/gits/bloxboy/eggs/Django-1.5.4-py2.6.egg/django/template/loader_tags.py", line 124, in render
    return compiled_parent._render(context)
  File "/home/django/gits/bloxboy/eggs/Django-1.5.4-py2.6.egg/django/template/base.py", line 134, in _render
    return self.nodelist.render(context)
  File "/home/django/gits/bloxboy/eggs/Django-1.5.4-py2.6.egg/django/template/base.py", line 830, in render
    bit = self.render_node(node, context)
  File "/home/django/gits/bloxboy/eggs/Django-1.5.4-py2.6.egg/django/template/debug.py", line 74, in render_node
    return node.render(context)
  File "/home/django/gits/bloxboy/eggs/Django-1.5.4-py2.6.egg/django/template/loader_tags.py", line 124, in render
    return compiled_parent._render(context)
  File "/home/django/gits/bloxboy/eggs/Django-1.5.4-py2.6.egg/django/template/base.py", line 134, in _render
    return self.nodelist.render(context)
  File "/home/django/gits/bloxboy/eggs/Django-1.5.4-py2.6.egg/django/template/base.py", line 830, in render
    bit = self.render_node(node, context)
  File "/home/django/gits/bloxboy/eggs/Django-1.5.4-py2.6.egg/django/template/debug.py", line 74, in render_node
    return node.render(context)
  File "/home/django/gits/bloxboy/eggs/Django-1.5.4-py2.6.egg/django/template/loader_tags.py", line 124, in render
    return compiled_parent._render(context)
  File "/home/django/gits/bloxboy/eggs/Django-1.5.4-py2.6.egg/django/template/base.py", line 134, in _render
    return self.nodelist.render(context)
  File "/home/django/gits/bloxboy/eggs/Django-1.5.4-py2.6.egg/django/template/base.py", line 830, in render
    bit = self.render_node(node, context)
  File "/home/django/gits/bloxboy/eggs/Django-1.5.4-py2.6.egg/django/template/debug.py", line 74, in render_node
    return node.render(context)
  File "/home/django/gits/bloxboy/eggs/Django-1.5.4-py2.6.egg/django/template/defaulttags.py", line 369, in render
    return strip_spaces_between_tags(self.nodelist.render(context).strip())
  File "/home/django/gits/bloxboy/eggs/Django-1.5.4-py2.6.egg/django/template/base.py", line 830, in render
    bit = self.render_node(node, context)
  File "/home/django/gits/bloxboy/eggs/Django-1.5.4-py2.6.egg/django/template/debug.py", line 74, in render_node
    return node.render(context)
  File "/home/django/gits/bloxboy/eggs/Django-1.5.4-py2.6.egg/django/template/loader_tags.py", line 63, in render
    result = block.nodelist.render(context)
  File "/home/django/gits/bloxboy/eggs/Django-1.5.4-py2.6.egg/django/template/base.py", line 830, in render
    bit = self.render_node(node, context)
  File "/home/django/gits/bloxboy/eggs/Django-1.5.4-py2.6.egg/django/template/debug.py", line 74, in render_node
    return node.render(context)
  File "/home/django/gits/bloxboy/eggs/django_assets-0.8-py2.6.egg/django_assets/templatetags/assets.py", line 69, in render
    for url in bundle.urls(env=get_env()):
  File "/home/django/gits/bloxboy/eggs/webassets-0.8-py2.6.egg/webassets/bundle.py", line 681, in urls
    urls.extend(bundle._urls(env, extra_filters, *args, **kwargs))
  File "/home/django/gits/bloxboy/eggs/webassets-0.8-py2.6.egg/webassets/bundle.py", line 650, in _urls
    for org, cnt in self.resolve_contents(env):
  File "/home/django/gits/bloxboy/eggs/webassets-0.8-py2.6.egg/webassets/bundle.py", line 148, in resolve_contents
    raise BundleError(e)
BundleError: 'js/app.js' not found (using staticfiles finders)
ERROR 2014-01-08 02:09:31,987 base 29621 140443379590912 Internal Server Error: /
Traceback (most recent call last):
  File "/home/django/gits/bloxboy/eggs/Django-1.5.4-py2.6.egg/django/core/handlers/base.py", line 115, in get_response
    response = callback(request, *callback_args, **callback_kwargs)
  File "/home/django/gits/bloxboy/eggs/django_cms-2.4.2-py2.6.egg/cms/views.py", line 148, in details
    return render_to_response(template_name, context_instance=context)
  File "/home/django/gits/bloxboy/eggs/Django-1.5.4-py2.6.egg/django/shortcuts/__init__.py", line 29, in render_to_response
    return HttpResponse(loader.render_to_string(*args, **kwargs), **httpresponse_kwargs)
  File "/home/django/gits/bloxboy/eggs/Django-1.5.4-py2.6.egg/django/template/loader.py", line 177, in render_to_string
    return t.render(context_instance)
  File "/home/django/gits/bloxboy/eggs/Django-1.5.4-py2.6.egg/django/template/base.py", line 140, in render
    return self._render(context)
  File "/home/django/gits/bloxboy/eggs/Django-1.5.4-py2.6.egg/django/template/base.py", line 134, in _render
    return self.nodelist.render(context)
  File "/home/django/gits/bloxboy/eggs/Django-1.5.4-py2.6.egg/django/template/base.py", line 830, in render
    bit = self.render_node(node, context)
  File "/home/django/gits/bloxboy/eggs/Django-1.5.4-py2.6.egg/django/template/debug.py", line 74, in render_node
    return node.render(context)
  File "/home/django/gits/bloxboy/eggs/Django-1.5.4-py2.6.egg/django/template/loader_tags.py", line 124, in render
    return compiled_parent._render(context)
  File "/home/django/gits/bloxboy/eggs/Django-1.5.4-py2.6.egg/django/template/base.py", line 134, in _render
    return self.nodelist.render(context)
  File "/home/django/gits/bloxboy/eggs/Django-1.5.4-py2.6.egg/django/template/base.py", line 830, in render
    bit = self.render_node(node, context)
  File "/home/django/gits/bloxboy/eggs/Django-1.5.4-py2.6.egg/django/template/debug.py", line 74, in render_node
    return node.render(context)
  File "/home/django/gits/bloxboy/eggs/Django-1.5.4-py2.6.egg/django/template/loader_tags.py", line 124, in render
    return compiled_parent._render(context)
  File "/home/django/gits/bloxboy/eggs/Django-1.5.4-py2.6.egg/django/template/base.py", line 134, in _render
    return self.nodelist.render(context)
  File "/home/django/gits/bloxboy/eggs/Django-1.5.4-py2.6.egg/django/template/base.py", line 830, in render
    bit = self.render_node(node, context)
  File "/home/django/gits/bloxboy/eggs/Django-1.5.4-py2.6.egg/django/template/debug.py", line 74, in render_node
    return node.render(context)
  File "/home/django/gits/bloxboy/eggs/django_classy_tags-0.4-py2.6.egg/classytags/core.py", line 106, in render
    return self.render_tag(context, **kwargs)
  File "/home/django/gits/bloxboy/eggs/django_sekizai-0.7-py2.6.egg/sekizai/templatetags/sekizai_tags.py", line 76, in render_tag
    rendered_contents = nodelist.render(context)
  File "/home/django/gits/bloxboy/eggs/Django-1.5.4-py2.6.egg/django/template/base.py", line 830, in render
    bit = self.render_node(node, context)
  File "/home/django/gits/bloxboy/eggs/Django-1.5.4-py2.6.egg/django/template/debug.py", line 74, in render_node
    return node.render(context)
  File "/home/django/gits/bloxboy/eggs/django_classy_tags-0.4-py2.6.egg/classytags/core.py", line 106, in render
    return self.render_tag(context, **kwargs)
  File "/home/django/gits/bloxboy/eggs/django_sekizai-0.7-py2.6.egg/sekizai/templatetags/sekizai_tags.py", line 76, in render_tag
    rendered_contents = nodelist.render(context)
  File "/home/django/gits/bloxboy/eggs/Django-1.5.4-py2.6.egg/django/template/base.py", line 830, in render
    bit = self.render_node(node, context)
  File "/home/django/gits/bloxboy/eggs/Django-1.5.4-py2.6.egg/django/template/debug.py", line 74, in render_node
    return node.render(context)
  File "/home/django/gits/bloxboy/eggs/Django-1.5.4-py2.6.egg/django/template/loader_tags.py", line 63, in render
    result = block.nodelist.render(context)
  File "/home/django/gits/bloxboy/eggs/Django-1.5.4-py2.6.egg/django/template/base.py", line 830, in render
    bit = self.render_node(node, context)
  File "/home/django/gits/bloxboy/eggs/Django-1.5.4-py2.6.egg/django/template/debug.py", line 74, in render_node
    return node.render(context)
  File "/home/django/gits/bloxboy/eggs/Django-1.5.4-py2.6.egg/django/template/defaulttags.py", line 285, in render
    return nodelist.render(context)
  File "/home/django/gits/bloxboy/eggs/Django-1.5.4-py2.6.egg/django/template/base.py", line 830, in render
    bit = self.render_node(node, context)
  File "/home/django/gits/bloxboy/eggs/Django-1.5.4-py2.6.egg/django/template/debug.py", line 74, in render_node
    return node.render(context)
  File "/home/django/gits/bloxboy/eggs/Django-1.5.4-py2.6.egg/django/template/defaulttags.py", line 426, in render
    raise e
NoReverseMatch: Reverse for 'auth_logout' with arguments '()' and keyword arguments '{}' not found.
ERROR 2014-01-09 17:29:17,380 base 14836 4570034176 Internal Server Error: /
Traceback (most recent call last):
  File "/Users/emencia/projets/projects/bloxSite/bloxboy-site/eggs/Django-1.5.4-py2.7.egg/django/core/handlers/base.py", line 115, in get_response
    response = callback(request, *callback_args, **callback_kwargs)
  File "/Users/emencia/projets/projects/bloxSite/bloxboy-site/eggs/django_cms-2.4.2-py2.7.egg/cms/views.py", line 148, in details
    return render_to_response(template_name, context_instance=context)
  File "/Users/emencia/projets/projects/bloxSite/bloxboy-site/eggs/Django-1.5.4-py2.7.egg/django/shortcuts/__init__.py", line 29, in render_to_response
    return HttpResponse(loader.render_to_string(*args, **kwargs), **httpresponse_kwargs)
  File "/Users/emencia/projets/projects/bloxSite/bloxboy-site/eggs/Django-1.5.4-py2.7.egg/django/template/loader.py", line 177, in render_to_string
    return t.render(context_instance)
  File "/Users/emencia/projets/projects/bloxSite/bloxboy-site/eggs/Django-1.5.4-py2.7.egg/django/template/base.py", line 140, in render
    return self._render(context)
  File "/Users/emencia/projets/projects/bloxSite/bloxboy-site/eggs/Django-1.5.4-py2.7.egg/django/test/utils.py", line 66, in instrumented_test_render
    return self.nodelist.render(context)
  File "/Users/emencia/projets/projects/bloxSite/bloxboy-site/eggs/Django-1.5.4-py2.7.egg/django/template/base.py", line 830, in render
    bit = self.render_node(node, context)
  File "/Users/emencia/projets/projects/bloxSite/bloxboy-site/eggs/Django-1.5.4-py2.7.egg/django/template/debug.py", line 74, in render_node
    return node.render(context)
  File "/Users/emencia/projets/projects/bloxSite/bloxboy-site/eggs/Django-1.5.4-py2.7.egg/django/template/loader_tags.py", line 124, in render
    return compiled_parent._render(context)
  File "/Users/emencia/projets/projects/bloxSite/bloxboy-site/eggs/Django-1.5.4-py2.7.egg/django/test/utils.py", line 66, in instrumented_test_render
    return self.nodelist.render(context)
  File "/Users/emencia/projets/projects/bloxSite/bloxboy-site/eggs/Django-1.5.4-py2.7.egg/django/template/base.py", line 830, in render
    bit = self.render_node(node, context)
  File "/Users/emencia/projets/projects/bloxSite/bloxboy-site/eggs/Django-1.5.4-py2.7.egg/django/template/debug.py", line 74, in render_node
    return node.render(context)
  File "/Users/emencia/projets/projects/bloxSite/bloxboy-site/eggs/Django-1.5.4-py2.7.egg/django/template/loader_tags.py", line 124, in render
    return compiled_parent._render(context)
  File "/Users/emencia/projets/projects/bloxSite/bloxboy-site/eggs/Django-1.5.4-py2.7.egg/django/test/utils.py", line 66, in instrumented_test_render
    return self.nodelist.render(context)
  File "/Users/emencia/projets/projects/bloxSite/bloxboy-site/eggs/Django-1.5.4-py2.7.egg/django/template/base.py", line 830, in render
    bit = self.render_node(node, context)
  File "/Users/emencia/projets/projects/bloxSite/bloxboy-site/eggs/Django-1.5.4-py2.7.egg/django/template/debug.py", line 74, in render_node
    return node.render(context)
  File "/Users/emencia/projets/projects/bloxSite/bloxboy-site/eggs/Django-1.5.4-py2.7.egg/django/template/defaulttags.py", line 369, in render
    return strip_spaces_between_tags(self.nodelist.render(context).strip())
  File "/Users/emencia/projets/projects/bloxSite/bloxboy-site/eggs/Django-1.5.4-py2.7.egg/django/template/base.py", line 830, in render
    bit = self.render_node(node, context)
  File "/Users/emencia/projets/projects/bloxSite/bloxboy-site/eggs/Django-1.5.4-py2.7.egg/django/template/debug.py", line 74, in render_node
    return node.render(context)
  File "/Users/emencia/projets/projects/bloxSite/bloxboy-site/eggs/Django-1.5.4-py2.7.egg/django/template/loader_tags.py", line 63, in render
    result = block.nodelist.render(context)
  File "/Users/emencia/projets/projects/bloxSite/bloxboy-site/eggs/Django-1.5.4-py2.7.egg/django/template/base.py", line 830, in render
    bit = self.render_node(node, context)
  File "/Users/emencia/projets/projects/bloxSite/bloxboy-site/eggs/Django-1.5.4-py2.7.egg/django/template/debug.py", line 74, in render_node
    return node.render(context)
  File "/Users/emencia/projets/projects/bloxSite/bloxboy-site/eggs/django_assets-0.8-py2.7.egg/django_assets/templatetags/assets.py", line 69, in render
    for url in bundle.urls(env=get_env()):
  File "/Users/emencia/projets/projects/bloxSite/bloxboy-site/eggs/webassets-0.8-py2.7.egg/webassets/bundle.py", line 681, in urls
    urls.extend(bundle._urls(env, extra_filters, *args, **kwargs))
  File "/Users/emencia/projets/projects/bloxSite/bloxboy-site/eggs/webassets-0.8-py2.7.egg/webassets/bundle.py", line 650, in _urls
    for org, cnt in self.resolve_contents(env):
  File "/Users/emencia/projets/projects/bloxSite/bloxboy-site/eggs/webassets-0.8-py2.7.egg/webassets/bundle.py", line 148, in resolve_contents
    raise BundleError(e)
BundleError: 'js/foundation5/vendor/custom.modernizr.js' not found (using staticfiles finders)
